<?xml version="1.0" encoding="UTF-8"?>
<testng-results ignored="0" total="1" passed="1" failed="0" skipped="0">
  <reporter-output>
  </reporter-output>
  <suite started-at="2024-01-19T01:30:53 IST" name="Default suite" finished-at="2024-01-19T01:31:00 IST" duration-ms="7572">
    <groups>
    </groups>
    <test started-at="2024-01-19T01:30:53 IST" name="Default test" finished-at="2024-01-19T01:31:00 IST" duration-ms="7572">
      <class name="com.rps.testLayer.LoginPage">
        <test-method is-config="true" signature="start()[pri:0, instance:com.rps.testLayer.LoginPage@4fb0f2b9]" started-at="2024-01-19T01:30:53 IST" name="start" finished-at="2024-01-19T01:30:54 IST" duration-ms="762" status="PASS">
          <reporter-output>
          </reporter-output>
        </test-method> <!-- start -->
        <test-method is-config="true" signature="setUp()[pri:0, instance:com.rps.testLayer.LoginPage@4fb0f2b9]" started-at="2024-01-19T01:30:54 IST" name="setUp" finished-at="2024-01-19T01:30:58 IST" duration-ms="4590" status="PASS">
          <reporter-output>
          </reporter-output>
        </test-method> <!-- setUp -->
        <test-method signature="LoginTest()[pri:0, instance:com.rps.testLayer.LoginPage@4fb0f2b9]" started-at="2024-01-19T01:30:58 IST" name="LoginTest" finished-at="2024-01-19T01:31:00 IST" duration-ms="1821" status="PASS">
          <reporter-output>
          </reporter-output>
        </test-method> <!-- LoginTest -->
        <test-method is-config="true" signature="tearDown()[pri:0, instance:com.rps.testLayer.LoginPage@4fb0f2b9]" started-at="2024-01-19T01:31:00 IST" name="tearDown" finished-at="2024-01-19T01:31:00 IST" duration-ms="347" status="PASS">
          <reporter-output>
          </reporter-output>
        </test-method> <!-- tearDown -->
        <test-method is-config="true" signature="stop()[pri:0, instance:com.rps.testLayer.LoginPage@4fb0f2b9]" started-at="2024-01-19T01:31:00 IST" name="stop" finished-at="2024-01-19T01:31:00 IST" duration-ms="0" status="PASS">
          <reporter-output>
          </reporter-output>
        </test-method> <!-- stop -->
      </class> <!-- com.rps.testLayer.LoginPage -->
    </test> <!-- Default test -->
  </suite> <!-- Default suite -->
</testng-results>
